[01:51:05] [Server thread/INFO]: Loading properties
[01:51:05] [Server thread/INFO]: Default game type: SURVIVAL
[01:51:06] [Server thread/INFO]: This server is running CraftBukkit version git-Spigot-d21162c-82f3b02 (MC: 1.12.2) (Implementing API version 1.12.2-R0.1-SNAPSHOT)
[01:51:06] [Server thread/INFO]: Debug logging is disabled
[01:51:06] [Server thread/INFO]: Server Ping Player Sample Count: 12
[01:51:06] [Server thread/INFO]: Using 4 threads for Netty based IO
[01:51:06] [Server thread/INFO]: Generating keypair
[01:51:06] [Server thread/INFO]: Starting Minecraft server on *:25565
[01:51:06] [Server thread/INFO]: Using default channel type
[01:51:09] [Server thread/INFO]: Set PluginClassLoader as parallel capable
[01:51:12] [Server thread/INFO]: Reflections took 91 ms to scan 1 urls, producing 13 keys and 21 values 
[01:51:12] [Server thread/ERROR]: Could not load 'plugins\VoxelSniper.jar' in folder 'plugins'
org.bukkit.plugin.InvalidPluginException: java.lang.NoClassDefFoundError: javax/xml/bind/JAXBException
	at org.bukkit.plugin.java.JavaPluginLoader.loadPlugin(JavaPluginLoader.java:133) ~[spigotmc-1.12.2-R0.1.jar:git-Spigot-d21162c-82f3b02]
	at org.bukkit.plugin.SimplePluginManager.loadPlugin(SimplePluginManager.java:327) ~[spigotmc-1.12.2-R0.1.jar:git-Spigot-d21162c-82f3b02]
	at org.bukkit.plugin.SimplePluginManager.loadPlugins(SimplePluginManager.java:248) [spigotmc-1.12.2-R0.1.jar:git-Spigot-d21162c-82f3b02]
	at org.bukkit.craftbukkit.v1_12_R1.CraftServer.loadPlugins(CraftServer.java:308) [spigotmc-1.12.2-R0.1.jar:git-Spigot-d21162c-82f3b02]
	at net.minecraft.server.v1_12_R1.DedicatedServer.init(DedicatedServer.java:205) [spigotmc-1.12.2-R0.1.jar:git-Spigot-d21162c-82f3b02]
	at net.minecraft.server.v1_12_R1.MinecraftServer.run(MinecraftServer.java:545) [spigotmc-1.12.2-R0.1.jar:git-Spigot-d21162c-82f3b02]
	at java.lang.Thread.run(Unknown Source) [?:?]
Caused by: java.lang.NoClassDefFoundError: javax/xml/bind/JAXBException
	at java.lang.Class.forName0(Native Method) ~[?:?]
	at java.lang.Class.forName(Unknown Source) ~[?:?]
	at org.bukkit.plugin.java.PluginClassLoader.<init>(PluginClassLoader.java:64) ~[spigotmc-1.12.2-R0.1.jar:git-Spigot-d21162c-82f3b02]
	at org.bukkit.plugin.java.JavaPluginLoader.loadPlugin(JavaPluginLoader.java:129) ~[spigotmc-1.12.2-R0.1.jar:git-Spigot-d21162c-82f3b02]
	... 6 more
Caused by: java.lang.ClassNotFoundException: javax.xml.bind.JAXBException
	at java.net.URLClassLoader.findClass(Unknown Source) ~[?:?]
	at org.bukkit.plugin.java.PluginClassLoader.findClass(PluginClassLoader.java:101) ~[spigotmc-1.12.2-R0.1.jar:git-Spigot-d21162c-82f3b02]
	at org.bukkit.plugin.java.PluginClassLoader.findClass(PluginClassLoader.java:86) ~[spigotmc-1.12.2-R0.1.jar:git-Spigot-d21162c-82f3b02]
	at java.lang.ClassLoader.loadClass(Unknown Source) ~[?:?]
	at java.lang.ClassLoader.loadClass(Unknown Source) ~[?:?]
	at java.lang.Class.forName0(Native Method) ~[?:?]
	at java.lang.Class.forName(Unknown Source) ~[?:?]
	at org.bukkit.plugin.java.PluginClassLoader.<init>(PluginClassLoader.java:64) ~[spigotmc-1.12.2-R0.1.jar:git-Spigot-d21162c-82f3b02]
	at org.bukkit.plugin.java.JavaPluginLoader.loadPlugin(JavaPluginLoader.java:129) ~[spigotmc-1.12.2-R0.1.jar:git-Spigot-d21162c-82f3b02]
	... 6 more
[01:51:13] [Server thread/INFO]: [Wild] Loading Wild v3.12.0
[01:51:13] [Server thread/INFO]: [Questioner] Loading Questioner v0.6
[01:51:13] [Server thread/INFO]: [KeepItems] Loading KeepItems v1.3.2
[01:51:13] [Server thread/INFO]: [Vehicles] Loading Vehicles v8.6
[01:51:14] [Server thread/INFO]: [NametagEdit] Loading NametagEdit v4.1.7
[01:51:14] [Server thread/INFO]: [BuycraftX] Loading BuycraftX v10.3.1
[01:51:14] [Server thread/INFO]: [Votifier] Loading Votifier v2.3.5
[01:51:14] [Server thread/INFO]: [Multiverse-Core] Loading Multiverse-Core v2.6.0-SNAPSHOT-b736
[01:51:14] [Server thread/INFO]: [VotingPlugin] Loading VotingPlugin v5.10.6
[01:51:14] [Server thread/INFO]: [FastAsyncWorldEdit] Loading FastAsyncWorldEdit v17.11.13-12580b5-945-18.0.2
[01:51:14] [Server thread/INFO]: [AutoWelcome] Loading AutoWelcome v1.1.0
[01:51:14] [Server thread/INFO]: [PermissionsEx] Loading PermissionsEx v1.23.4
[01:51:15] [Server thread/INFO]: [FeatherBoard] Loading FeatherBoard v3.23.0
[01:51:15] [Server thread/INFO]: [Tab] Loading Tab v5.16.0
[01:51:15] [Server thread/INFO]: [Lottery] Loading Lottery v1.1.4
[01:51:15] [Server thread/INFO]: [mcMMO] Loading mcMMO v1.5.09-SNAPSHOT
[01:51:15] [Server thread/INFO]: [Multiverse-Portals] Loading Multiverse-Portals v2.5.2-SNAPSHOT-b762
[01:51:15] [Server thread/INFO]: [Vault] Loading Vault v1.5.6-b49
[01:51:15] [Server thread/INFO]: [SimpleSit] Loading SimpleSit v1.6.3
[01:51:15] [Server thread/INFO]: [Essentials] Loading Essentials v2.0.1-bSNAPSHOT
[01:51:15] [Server thread/INFO]: [FastAsyncVoxelSniper] Loading FastAsyncVoxelSniper v17.11.13-12580b5-945-18.0.2
[01:51:15] [Server thread/INFO]: [WildAddon] Loading WildAddon v1.9.4
[01:51:15] [Server thread/INFO]: [HolographicDisplays] Loading HolographicDisplays v2.2.6
[01:51:15] [Server thread/INFO]: [Citizens] Loading Citizens v2.0.22-SNAPSHOT (build 1496)
[01:51:15] [Server thread/INFO]: [DiscordSRV] Loading DiscordSRV v15.4
[01:51:15] [Server thread/INFO]: [CrazyAuctions] Loading CrazyAuctions v1.2.4
[01:51:15] [Server thread/INFO]: [EssentialsChat] Loading EssentialsChat v2.0.1-bSNAPSHOT
[01:51:15] [Server thread/INFO]: [PlayerVaults] Loading PlayerVaults v3.5.7-b${BUILD_NUMBER}
[01:51:15] [Server thread/INFO]: [ScratchCards] Loading ScratchCards v1.10.6
[01:51:15] [Server thread/INFO]: [EssentialsSpawn] Loading EssentialsSpawn v2.0.1-bSNAPSHOT
[01:51:15] [Server thread/INFO]: [WorldEdit] Loading WorldEdit v6.1.8-SNAPSHOT;cd4729f
[01:51:15] [Server thread/INFO]: [Towny] Loading Towny v0.91.4.13
[01:51:15] [Server thread/INFO]: [CrateReloaded] Loading CrateReloaded v1.3.98.2
[01:51:15] [Server thread/INFO]: [WorldGuard] Loading WorldGuard v6.2.1;84bc322
[01:51:15] [Server thread/INFO]: [CitizensCMD] Loading CitizensCMD v1.2.0
[01:51:15] [Server thread/INFO]: [LockettePro] Loading LockettePro v2.9.0
[01:51:15] [Server thread/INFO]: [HeavySpleef] Loading HeavySpleef v2.4.1
[01:51:15] [Server thread/INFO]: [React] Loading React v5.6.1
[01:51:15] [Server thread/INFO]: Setting Tick to 170
[01:51:15] [Server thread/INFO]: [TownyNameUpdater] Loading TownyNameUpdater v1.0
[01:51:15] [Server thread/INFO]: [ShopChest] Loading ShopChest v1.12.3
[01:51:15] [Server thread/INFO]: [ShopChest] Using locale "en_US"
[01:51:15] [Server thread/INFO]: [Stickers] Loading Stickers v1.4.11
[01:51:15] [Server thread/INFO]: [Jobs] Loading Jobs v4.2.0
[01:51:15] [Server thread/INFO]: [FastAsyncWorldEdit] Enabling FastAsyncWorldEdit v17.11.13-12580b5-945-18.0.2
[01:51:29] [Server thread/INFO]: ====== USE PAPER ======[m
[01:51:29] [Server thread/INFO]: DOWNLOAD: https://ci.destroystokyo.com/job/PaperSpigot/[m
[01:51:29] [Server thread/INFO]: GUIDE: https://www.spigotmc.org/threads/21726/[m
[01:51:29] [Server thread/INFO]:  - This is only a recommendation[m
[01:51:29] [Server thread/INFO]: ==============================[m
[01:51:29] [Server thread/INFO]: [mcMMO] Enabling mcMMO v1.5.09-SNAPSHOT
[01:51:31] [Server thread/INFO]: [Vault] Enabling Vault v1.5.6-b49
[01:51:32] [Server thread/INFO]: [Vault] [Economy] Essentials Economy found: Waiting
[01:51:32] [Server thread/INFO]: [Vault] [Permission] PermissionsEx found: Waiting
[01:51:32] [Server thread/INFO]: [Vault] [Permission] SuperPermissions loaded as backup permission system.
[01:51:32] [Server thread/INFO]: [Vault] [Chat] PermissionsEx found: Waiting
[01:51:32] [Server thread/INFO]: [Vault] Enabled Version 1.5.6-b49
[01:51:32] [Server thread/INFO]: [FastAsyncVoxelSniper] Enabling FastAsyncVoxelSniper v17.11.13-12580b5-945-18.0.2
[01:51:32] [Server thread/WARN]: org.bukkit.plugin.InvalidPluginException: java.lang.NoClassDefFoundError: javax/xml/bind/JAXBException
[01:51:32] [Server thread/WARN]: 	at org.bukkit.plugin.java.JavaPluginLoader.loadPlugin(JavaPluginLoader.java:133)
[01:51:32] [Server thread/WARN]: 	at org.bukkit.plugin.SimplePluginManager.loadPlugin(SimplePluginManager.java:327)
[01:51:32] [Server thread/WARN]: 	at com.boydti.fawe.bukkit.favs.Favs.onEnable(Favs.java:49)
[01:51:32] [Server thread/WARN]: 	at org.bukkit.plugin.java.JavaPlugin.setEnabled(JavaPlugin.java:264)
[01:51:32] [Server thread/WARN]: 	at org.bukkit.plugin.java.JavaPluginLoader.enablePlugin(JavaPluginLoader.java:337)
[01:51:32] [Server thread/WARN]: 	at org.bukkit.plugin.SimplePluginManager.enablePlugin(SimplePluginManager.java:403)
[01:51:32] [Server thread/WARN]: 	at org.bukkit.craftbukkit.v1_12_R1.CraftServer.enablePlugin(CraftServer.java:384)
[01:51:32] [Server thread/WARN]: 	at org.bukkit.craftbukkit.v1_12_R1.CraftServer.enablePlugins(CraftServer.java:333)
[01:51:32] [Server thread/WARN]: 	at net.minecraft.server.v1_12_R1.DedicatedServer.init(DedicatedServer.java:206)
[01:51:32] [Server thread/WARN]: 	at net.minecraft.server.v1_12_R1.MinecraftServer.run(MinecraftServer.java:545)
[01:51:32] [Server thread/WARN]: 	at java.base/java.lang.Thread.run(Unknown Source)
[01:51:32] [Server thread/WARN]: Caused by: java.lang.NoClassDefFoundError: javax/xml/bind/JAXBException
[01:51:32] [Server thread/WARN]: 	at java.base/java.lang.Class.forName0(Native Method)
[01:51:32] [Server thread/WARN]: 	at java.base/java.lang.Class.forName(Unknown Source)
[01:51:32] [Server thread/WARN]: 	at org.bukkit.plugin.java.PluginClassLoader.<init>(PluginClassLoader.java:64)
[01:51:32] [Server thread/WARN]: 	at org.bukkit.plugin.java.JavaPluginLoader.loadPlugin(JavaPluginLoader.java:129)
[01:51:32] [Server thread/WARN]: 	... 10 more
[01:51:32] [Server thread/WARN]: Caused by: java.lang.ClassNotFoundException: javax.xml.bind.JAXBException
[01:51:32] [Server thread/WARN]: 	at java.base/java.net.URLClassLoader.findClass(Unknown Source)
[01:51:32] [Server thread/WARN]: 	at org.bukkit.plugin.java.PluginClassLoader.findClass(PluginClassLoader.java:101)
[01:51:32] [Server thread/WARN]: 	at org.bukkit.plugin.java.PluginClassLoader.findClass(PluginClassLoader.java:86)
[01:51:32] [Server thread/WARN]: 	at java.base/java.lang.ClassLoader.loadClass(Unknown Source)
[01:51:32] [Server thread/WARN]: 	at java.base/java.lang.ClassLoader.loadClass(Unknown Source)
[01:51:32] [Server thread/WARN]: 	... 14 more
[01:51:32] [Server thread/INFO]: [0;30;1m([0;31;22m[21mFAWE[0;30;1m)[m[0;37;22m ====== INSTALL VOXELSNIPER ======[m
[01:51:32] [Server thread/INFO]: [0;30;1m([0;31;22m[21mFAWE[0;30;1m)[m[0;37;22m FAVS requires VoxelSniper to function correctly[m
[01:51:32] [Server thread/INFO]: [0;30;1m([0;31;22m[21mFAWE[0;30;1m)[m[0;37;22m Info: https://github.com/boy0001/FastAsyncWorldedit/releases/[m
[01:51:32] [Server thread/INFO]: [0;30;1m([0;31;22m[21mFAWE[0;30;1m)[m[0;37;22m ===============================[m
[01:51:32] [Server thread/INFO]: **** Beginning UUID conversion, this may take A LONG time ****
[01:51:32] [Server thread/INFO]: Preparing level "world"
[01:51:32] [Server thread/INFO]: -------- World Settings For [world] --------
[01:51:32] [Server thread/INFO]: Item Despawn Rate: 6000
[01:51:32] [Server thread/INFO]: Item Merge Radius: 2.5
[01:51:32] [Server thread/INFO]: Allow Zombie Pigmen to spawn from portal blocks: true
[01:51:32] [Server thread/INFO]: Arrow Despawn Rate: 1200
[01:51:32] [Server thread/INFO]: Experience Merge Radius: 3.0
[01:51:32] [Server thread/INFO]: Nerfing mobs spawned from spawners: false
[01:51:32] [Server thread/INFO]: Zombie Aggressive Towards Villager: true
[01:51:32] [Server thread/INFO]: View Distance: 10
[01:51:32] [Server thread/INFO]: Tile Max Tick Time: 50ms Entity max Tick Time: 50ms
[01:51:32] [Server thread/INFO]: Custom Map Seeds:  Village: 10387312 Feature: 14357617 Monument: 10387313 Slime: 987234911
[01:51:32] [Server thread/INFO]: Entity Tracking Range: Pl 48 / An 48 / Mo 48 / Mi 32 / Other 64
[01:51:32] [Server thread/INFO]: Max TNT Explosions: 100
[01:51:32] [Server thread/INFO]: Mob Spawn Range: 4
[01:51:32] [Server thread/INFO]: Random Lighting Updates: false
[01:51:32] [Server thread/INFO]: Hopper Transfer: 8 Hopper Check: 1 Hopper Amount: 1
[01:51:32] [Server thread/INFO]: Entity Activation Range: An 32 / Mo 32 / Mi 16
[01:51:32] [Server thread/INFO]: Cactus Growth Modifier: 100%
[01:51:32] [Server thread/INFO]: Cane Growth Modifier: 100%
[01:51:32] [Server thread/INFO]: Melon Growth Modifier: 100%
[01:51:32] [Server thread/INFO]: Mushroom Growth Modifier: 100%
[01:51:32] [Server thread/INFO]: Pumpkin Growth Modifier: 100%
[01:51:32] [Server thread/INFO]: Sapling Growth Modifier: 100%
[01:51:32] [Server thread/INFO]: Wheat Growth Modifier: 100%
[01:51:32] [Server thread/INFO]: NetherWart Growth Modifier: 100%
[01:51:32] [Server thread/INFO]: Vine Growth Modifier: 100%
[01:51:32] [Server thread/INFO]: Cocoa Growth Modifier: 100%
[01:51:32] [Server thread/INFO]: Structure Info Saving: true
[01:51:33] [Server thread/INFO]: -------- World Settings For [world_nether] --------
[01:51:33] [Server thread/INFO]: Item Despawn Rate: 6000
[01:51:33] [Server thread/INFO]: Item Merge Radius: 2.5
[01:51:33] [Server thread/INFO]: Allow Zombie Pigmen to spawn from portal blocks: true
[01:51:33] [Server thread/INFO]: Arrow Despawn Rate: 1200
[01:51:33] [Server thread/INFO]: Experience Merge Radius: 3.0
[01:51:33] [Server thread/INFO]: Nerfing mobs spawned from spawners: false
[01:51:33] [Server thread/INFO]: Zombie Aggressive Towards Villager: true
[01:51:33] [Server thread/INFO]: View Distance: 10
[01:51:33] [Server thread/INFO]: Tile Max Tick Time: 50ms Entity max Tick Time: 50ms
[01:51:33] [Server thread/INFO]: Custom Map Seeds:  Village: 10387312 Feature: 14357617 Monument: 10387313 Slime: 987234911
[01:51:33] [Server thread/INFO]: Entity Tracking Range: Pl 48 / An 48 / Mo 48 / Mi 32 / Other 64
[01:51:33] [Server thread/INFO]: Max TNT Explosions: 100
[01:51:33] [Server thread/INFO]: Mob Spawn Range: 4
[01:51:33] [Server thread/INFO]: Random Lighting Updates: false
[01:51:33] [Server thread/INFO]: Hopper Transfer: 8 Hopper Check: 1 Hopper Amount: 1
[01:51:33] [Server thread/INFO]: Entity Activation Range: An 32 / Mo 32 / Mi 16
[01:51:33] [Server thread/INFO]: Cactus Growth Modifier: 100%
[01:51:33] [Server thread/INFO]: Cane Growth Modifier: 100%
[01:51:33] [Server thread/INFO]: Melon Growth Modifier: 100%
[01:51:33] [Server thread/INFO]: Mushroom Growth Modifier: 100%
[01:51:33] [Server thread/INFO]: Pumpkin Growth Modifier: 100%
[01:51:33] [Server thread/INFO]: Sapling Growth Modifier: 100%
[01:51:33] [Server thread/INFO]: Wheat Growth Modifier: 100%
[01:51:33] [Server thread/INFO]: NetherWart Growth Modifier: 100%
[01:51:33] [Server thread/INFO]: Vine Growth Modifier: 100%
[01:51:33] [Server thread/INFO]: Cocoa Growth Modifier: 100%
[01:51:33] [Server thread/INFO]: Structure Info Saving: true
[01:51:33] [Server thread/INFO]: -------- World Settings For [world_the_end] --------
[01:51:33] [Server thread/INFO]: Item Despawn Rate: 6000
[01:51:33] [Server thread/INFO]: Item Merge Radius: 2.5
[01:51:33] [Server thread/INFO]: Allow Zombie Pigmen to spawn from portal blocks: true
[01:51:33] [Server thread/INFO]: Arrow Despawn Rate: 1200
[01:51:33] [Server thread/INFO]: Experience Merge Radius: 3.0
[01:51:33] [Server thread/INFO]: Nerfing mobs spawned from spawners: false
[01:51:33] [Server thread/INFO]: Zombie Aggressive Towards Villager: true
[01:51:33] [Server thread/INFO]: View Distance: 10
[01:51:33] [Server thread/INFO]: Tile Max Tick Time: 50ms Entity max Tick Time: 50ms
[01:51:33] [Server thread/INFO]: Custom Map Seeds:  Village: 10387312 Feature: 14357617 Monument: 10387313 Slime: 987234911
[01:51:33] [Server thread/INFO]: Entity Tracking Range: Pl 48 / An 48 / Mo 48 / Mi 32 / Other 64
[01:51:33] [Server thread/INFO]: Max TNT Explosions: 100
[01:51:33] [Server thread/INFO]: Mob Spawn Range: 4
[01:51:33] [Server thread/INFO]: Random Lighting Updates: false
[01:51:33] [Server thread/INFO]: Hopper Transfer: 8 Hopper Check: 1 Hopper Amount: 1
[01:51:33] [Server thread/INFO]: Entity Activation Range: An 32 / Mo 32 / Mi 16
[01:51:33] [Server thread/INFO]: Cactus Growth Modifier: 100%
[01:51:33] [Server thread/INFO]: Cane Growth Modifier: 100%
[01:51:33] [Server thread/INFO]: Melon Growth Modifier: 100%
[01:51:33] [Server thread/INFO]: Mushroom Growth Modifier: 100%
[01:51:33] [Server thread/INFO]: Pumpkin Growth Modifier: 100%
[01:51:33] [Server thread/INFO]: Sapling Growth Modifier: 100%
[01:51:33] [Server thread/INFO]: Wheat Growth Modifier: 100%
[01:51:33] [Server thread/INFO]: NetherWart Growth Modifier: 100%
[01:51:33] [Server thread/INFO]: Vine Growth Modifier: 100%
[01:51:33] [Server thread/INFO]: Cocoa Growth Modifier: 100%
[01:51:33] [Server thread/INFO]: Structure Info Saving: true
[01:51:33] [Server thread/INFO]: Preparing start region for level 0 (Seed: -1857519671905207549)
[01:51:42] [Server thread/INFO]: Preparing spawn area: 0%
[01:51:43] [Thread-2/INFO]: Stopping server
